This is XeTeX, Version 3.14159265-2.6-0.999992 (MiKTeX 20.10) (preloaded format=xelatex 2020.10.20)  31 OCT 2020 11:51
entering extended mode
**./livro_Obstetricia_R.tex
(livro_Obstetricia_R.tex
LaTeX2e <2020-10-01> patch level 1
L3 programming layer <2020-10-05> xparse <2020-03-03> ("C:\Program Files\MiKTeX
\tex/latex/base\book.cls"
Document Class: book 2020/04/10 v1.4m Standard LaTeX document class
("C:\Program Files\MiKTeX\tex/latex/base\bk10.clo"
File: bk10.clo 2020/04/10 v1.4m Standard LaTeX file (size option)
)
\c@part=\count171
\c@chapter=\count172
\c@section=\count173
\c@subsection=\count174
\c@subsubsection=\count175
\c@paragraph=\count176
\c@subparagraph=\count177
\c@figure=\count178
\c@table=\count179
\abovecaptionskip=\skip47
\belowcaptionskip=\skip48
\bibindent=\dimen138
) ("C:\Program Files\MiKTeX\tex/latex/lm\lmodern.sty"
Package: lmodern 2009/10/30 v1.6 Latin Modern Fonts
LaTeX Font Info:    Overwriting symbol font `operators' in version `normal'
(Font)                  OT1/cmr/m/n --> OT1/lmr/m/n on input line 22.
LaTeX Font Info:    Overwriting symbol font `letters' in version `normal'
(Font)                  OML/cmm/m/it --> OML/lmm/m/it on input line 23.
LaTeX Font Info:    Overwriting symbol font `symbols' in version `normal'
(Font)                  OMS/cmsy/m/n --> OMS/lmsy/m/n on input line 24.
LaTeX Font Info:    Overwriting symbol font `largesymbols' in version `normal'
(Font)                  OMX/cmex/m/n --> OMX/lmex/m/n on input line 25.
LaTeX Font Info:    Overwriting symbol font `operators' in version `bold'
(Font)                  OT1/cmr/bx/n --> OT1/lmr/bx/n on input line 26.
LaTeX Font Info:    Overwriting symbol font `letters' in version `bold'
(Font)                  OML/cmm/b/it --> OML/lmm/b/it on input line 27.
LaTeX Font Info:    Overwriting symbol font `symbols' in version `bold'
(Font)                  OMS/cmsy/b/n --> OMS/lmsy/b/n on input line 28.
LaTeX Font Info:    Overwriting symbol font `largesymbols' in version `bold'
(Font)                  OMX/cmex/m/n --> OMX/lmex/m/n on input line 29.
LaTeX Font Info:    Overwriting math alphabet `\mathbf' in version `normal'
(Font)                  OT1/cmr/bx/n --> OT1/lmr/bx/n on input line 31.
LaTeX Font Info:    Overwriting math alphabet `\mathsf' in version `normal'
(Font)                  OT1/cmss/m/n --> OT1/lmss/m/n on input line 32.
LaTeX Font Info:    Overwriting math alphabet `\mathit' in version `normal'
(Font)                  OT1/cmr/m/it --> OT1/lmr/m/it on input line 33.
LaTeX Font Info:    Overwriting math alphabet `\mathtt' in version `normal'
(Font)                  OT1/cmtt/m/n --> OT1/lmtt/m/n on input line 34.
LaTeX Font Info:    Overwriting math alphabet `\mathbf' in version `bold'
(Font)                  OT1/cmr/bx/n --> OT1/lmr/bx/n on input line 35.
LaTeX Font Info:    Overwriting math alphabet `\mathsf' in version `bold'
(Font)                  OT1/cmss/bx/n --> OT1/lmss/bx/n on input line 36.
LaTeX Font Info:    Overwriting math alphabet `\mathit' in version `bold'
(Font)                  OT1/cmr/bx/it --> OT1/lmr/bx/it on input line 37.
LaTeX Font Info:    Overwriting math alphabet `\mathtt' in version `bold'
(Font)                  OT1/cmtt/m/n --> OT1/lmtt/m/n on input line 38.
) ("C:\Program Files\MiKTeX\tex/latex/amsfonts\amssymb.sty"
Package: amssymb 2013/01/14 v3.01 AMS font symbols
("C:\Program Files\MiKTeX\tex/latex/amsfonts\amsfonts.sty"
Package: amsfonts 2013/01/14 v3.01 Basic AMSFonts support
\@emptytoks=\toks15
\symAMSa=\mathgroup4
\symAMSb=\mathgroup5
LaTeX Font Info:    Redeclaring math symbol \hbar on input line 98.
LaTeX Font Info:    Overwriting math alphabet `\mathfrak' in version `bold'
(Font)                  U/euf/m/n --> U/euf/b/n on input line 106.
)) ("C:\Program Files\MiKTeX\tex/latex/amsmath\amsmath.sty"
Package: amsmath 2020/09/23 v2.17i AMS math features
\@mathmargin=\skip49
For additional information on amsmath, use the `?' option.
("C:\Program Files\MiKTeX\tex/latex/amsmath\amstext.sty"
Package: amstext 2000/06/29 v2.01 AMS text
("C:\Program Files\MiKTeX\tex/latex/amsmath\amsgen.sty"
File: amsgen.sty 1999/11/30 v2.0 generic functions
\@emptytoks=\toks16
\ex@=\dimen139
)) ("C:\Program Files\MiKTeX\tex/latex/amsmath\amsbsy.sty"
Package: amsbsy 1999/11/29 v1.2d Bold Symbols
\pmbraise@=\dimen140
) ("C:\Program Files\MiKTeX\tex/latex/amsmath\amsopn.sty"
Package: amsopn 2016/03/08 v2.02 operator names
)
\inf@bad=\count180
LaTeX Info: Redefining \frac on input line 234.
\uproot@=\count181
\leftroot@=\count182
LaTeX Info: Redefining \overline on input line 399.
\classnum@=\count183
\DOTSCASE@=\count184
LaTeX Info: Redefining \ldots on input line 496.
LaTeX Info: Redefining \dots on input line 499.
LaTeX Info: Redefining \cdots on input line 620.
\Mathstrutbox@=\box47
\strutbox@=\box48
\big@size=\dimen141
LaTeX Font Info:    Redeclaring font encoding OML on input line 743.
LaTeX Font Info:    Redeclaring font encoding OMS on input line 744.
\macc@depth=\count185
\c@MaxMatrixCols=\count186
\dotsspace@=\muskip16
\c@parentequation=\count187
\dspbrk@lvl=\count188
\tag@help=\toks17
\row@=\count189
\column@=\count190
\maxfields@=\count191
\andhelp@=\toks18
\eqnshift@=\dimen142
\alignsep@=\dimen143
\tagshift@=\dimen144
\tagwidth@=\dimen145
\totwidth@=\dimen146
\lineht@=\dimen147
\@envbody=\toks19
\multlinegap=\skip50
\multlinetaggap=\skip51
\mathdisplay@stack=\toks20
LaTeX Info: Redefining \[ on input line 2923.
LaTeX Info: Redefining \] on input line 2924.
) ("C:\Program Files\MiKTeX\tex/generic/iftex\ifxetex.sty"
Package: ifxetex 2019/10/25 v0.7 ifxetex legacy package. Use iftex instead.
("C:\Program Files\MiKTeX\tex/generic/iftex\iftex.sty"
Package: iftex 2020/03/06 v1.0d TeX engine tests
)) ("C:\Program Files\MiKTeX\tex/generic/iftex\ifluatex.sty"
Package: ifluatex 2019/10/25 v1.5 ifluatex legacy package. Use iftex instead.
) ("C:\Program Files\MiKTeX\tex/latex/unicode-math\unicode-math.sty" ("C:\Progr
am Files\MiKTeX\tex/latex/l3kernel\expl3.sty"
Package: expl3 2020-10-05 L3 programming layer (loader) 
("C:\Program Files\MiKTeX\tex/latex/l3backend\l3backend-xetex.def"
File: l3backend-xetex.def 2020-09-24 L3 backend support: XeTeX
\g__graphics_track_int=\count192
\l__pdf_internal_box=\box49
\g__pdf_backend_object_int=\count193
\g__pdf_backend_annotation_int=\count194
))
Package: unicode-math 2020/01/31 v0.8q Unicode maths in XeLaTeX and LuaLaTeX
("C:\Program Files\MiKTeX\tex/latex/unicode-math\unicode-math-xetex.sty"
Package: unicode-math-xetex 2020/01/31 v0.8q Unicode maths in XeLaTeX and LuaLa
TeX
("C:\Program Files\MiKTeX\tex/latex/l3packages/xparse\xparse.sty"
Package: xparse 2020-10-05 L3 Experimental document command parser
("C:\Program Files\MiKTeX\tex/latex/l3packages/xparse\xparse-generic.tex")) ("C
:\Program Files\MiKTeX\tex/latex/l3packages/l3keys2e\l3keys2e.sty"
Package: l3keys2e 2020-10-05 LaTeX2e option processing using LaTeX3 keys
) ("C:\Program Files\MiKTeX\tex/latex/fontspec\fontspec.sty"
Package: fontspec 2020/02/21 v2.7i Font selection for XeLaTeX and LuaLaTeX
("C:\Program Files\MiKTeX\tex/latex/fontspec\fontspec-xetex.sty"
Package: fontspec-xetex 2020/02/21 v2.7i Font selection for XeLaTeX and LuaLaTe
X
\l__fontspec_script_int=\count195
\l__fontspec_language_int=\count196
\l__fontspec_strnum_int=\count197
\l__fontspec_tmp_int=\count198
\l__fontspec_tmpa_int=\count199
\l__fontspec_tmpb_int=\count266
\l__fontspec_tmpc_int=\count267
\l__fontspec_em_int=\count268
\l__fontspec_emdef_int=\count269
\l__fontspec_strong_int=\count270
\l__fontspec_strongdef_int=\count271
\l__fontspec_tmpa_dim=\dimen148
\l__fontspec_tmpb_dim=\dimen149
\l__fontspec_tmpc_dim=\dimen150
("C:\Program Files\MiKTeX\tex/latex/base\fontenc.sty"
Package: fontenc 2020/08/10 v2.0s Standard LaTeX package
) ("C:\Program Files\MiKTeX\tex/latex/fontspec\fontspec.cfg"))) ("C:\Program Fi
les\MiKTeX\tex/latex/base\fix-cm.sty"
Package: fix-cm 2015/01/14 v1.1t fixes to LaTeX
("C:\Program Files\MiKTeX\tex/latex/base\ts1enc.def"
File: ts1enc.def 2001/06/05 v3.0e (jk/car/fm) Standard LaTeX file
LaTeX Font Info:    Redeclaring font encoding TS1 on input line 47.
))
\g__um_fam_int=\count272
\g__um_fonts_used_int=\count273
\l__um_primecount_int=\count274
\g__um_primekern_muskip=\muskip17
("C:\Program Files\MiKTeX\tex/latex/unicode-math\unicode-math-table.tex"))) ("C
:\Program Files\MiKTeX\tex/latex/upquote\upquote.sty"
Package: upquote 2012/04/19 v1.3 upright-quote and grave-accent glyphs in verba
tim
("C:\Program Files\MiKTeX\tex/latex/base\textcomp.sty"
Package: textcomp 2020/02/02 v2.0n Standard LaTeX package
)) ("C:\Program Files\MiKTeX\tex/latex/microtype\microtype.sty"
Package: microtype 2019/11/18 v2.7d Micro-typographical refinements (RS)
("C:\Program Files\MiKTeX\tex/latex/graphics\keyval.sty"
Package: keyval 2014/10/28 v1.15 key=value parser (DPC)
\KV@toks@=\toks21
)
\MT@toks=\toks22
\MT@count=\count275
LaTeX Info: Redefining \textls on input line 790.
\MT@outer@kern=\dimen151
LaTeX Info: Redefining \textmicrotypecontext on input line 1354.
\MT@listname@count=\count276
("C:\Program Files\MiKTeX\tex/latex/microtype\microtype-xetex.def"
File: microtype-xetex.def 2019/11/18 v2.7d Definitions specific to xetex (RS)
LaTeX Info: Redefining \lsstyle on input line 258.
)
Package microtype Info: Loading configuration file microtype.cfg.
("C:\Program Files\MiKTeX\tex/latex/microtype\microtype.cfg"
File: microtype.cfg 2019/11/18 v2.7d microtype main configuration file (RS)
)) ("C:\Program Files\MiKTeX\tex/latex/parskip\parskip.sty"
Package: parskip 2020-06-15 v2.0f non-zero parskip adjustments
("C:\Program Files\MiKTeX\tex/latex/kvoptions\kvoptions.sty"
Package: kvoptions 2019/11/29 v3.13 Key value format for package options (HO)
("C:\Program Files\MiKTeX\tex/generic/ltxcmds\ltxcmds.sty"
Package: ltxcmds 2020-05-10 v1.25 LaTeX kernel commands for general use (HO)
) ("C:\Program Files\MiKTeX\tex/generic/kvsetkeys\kvsetkeys.sty"
Package: kvsetkeys 2019/12/15 v1.18 Key value parser (HO)
)) ("C:\Program Files\MiKTeX\tex/latex/etoolbox\etoolbox.sty"
Package: etoolbox 2020/10/05 v2.5k e-TeX tools for LaTeX (JAW)
\etb@tempcnta=\count277
)) ("C:\Program Files\MiKTeX\tex/latex/xcolor\xcolor.sty"
Package: xcolor 2016/05/11 v2.12 LaTeX color extensions (UK)
("C:\Program Files\MiKTeX\tex/latex/graphics-cfg\color.cfg"
File: color.cfg 2016/01/02 v1.6 sample color configuration
)
Package xcolor Info: Driver file: xetex.def on input line 225.
("C:\Program Files\MiKTeX\tex/latex/graphics-def\xetex.def"
File: xetex.def 2020/08/26 v5.0i Graphics/color driver for xetex
)
Package xcolor Info: Model `cmy' substituted by `cmy0' on input line 1348.
Package xcolor Info: Model `RGB' extended on input line 1364.
Package xcolor Info: Model `HTML' substituted by `rgb' on input line 1366.
Package xcolor Info: Model `Hsb' substituted by `hsb' on input line 1367.
Package xcolor Info: Model `tHsb' substituted by `hsb' on input line 1368.
Package xcolor Info: Model `HSB' substituted by `hsb' on input line 1369.
Package xcolor Info: Model `Gray' substituted by `gray' on input line 1370.
Package xcolor Info: Model `wave' substituted by `hsb' on input line 1371.
) ("C:\Program Files\MiKTeX\tex/latex/xurl\xurl.sty"
Package: xurl 2020/01/24 v 0.09 modify URL breaks
("C:\Program Files\MiKTeX\tex/latex/url\url.sty"
\Urlmuskip=\muskip18
Package: url 2013/09/16  ver 3.4  Verb mode for urls, etc.
)) ("C:\Program Files\MiKTeX\tex/latex/bookmark\bookmark.sty"
Package: bookmark 2019/12/03 v1.28 PDF bookmarks (HO)
("C:\Program Files\MiKTeX\tex/latex/hyperref\hyperref.sty"
Package: hyperref 2020-05-15 v7.00e Hypertext links for LaTeX
("C:\Program Files\MiKTeX\tex/generic/pdftexcmds\pdftexcmds.sty"
Package: pdftexcmds 2020-06-27 v0.33 Utility functions of pdfTeX for LuaTeX (HO
)
("C:\Program Files\MiKTeX\tex/generic/infwarerr\infwarerr.sty"
Package: infwarerr 2019/12/03 v1.5 Providing info/warning/error messages (HO)
)
Package pdftexcmds Info: \pdf@primitive is available.
Package pdftexcmds Info: \pdf@ifprimitive is available.
Package pdftexcmds Info: \pdfdraftmode not found.
) ("C:\Program Files\MiKTeX\tex/generic/kvdefinekeys\kvdefinekeys.sty"
Package: kvdefinekeys 2019-12-19 v1.6 Define keys (HO)
) ("C:\Program Files\MiKTeX\tex/generic/pdfescape\pdfescape.sty"
Package: pdfescape 2019/12/09 v1.15 Implements pdfTeX's escape features (HO)
) ("C:\Program Files\MiKTeX\tex/latex/hycolor\hycolor.sty"
Package: hycolor 2020-01-27 v1.10 Color options for hyperref/bookmark (HO)
) ("C:\Program Files\MiKTeX\tex/latex/letltxmacro\letltxmacro.sty"
Package: letltxmacro 2019/12/03 v1.6 Let assignment for LaTeX macros (HO)
) ("C:\Program Files\MiKTeX\tex/latex/auxhook\auxhook.sty"
Package: auxhook 2019-12-17 v1.6 Hooks for auxiliary files (HO)
)
\@linkdim=\dimen152
\Hy@linkcounter=\count278
\Hy@pagecounter=\count279
("C:\Program Files\MiKTeX\tex/latex/hyperref\pd1enc.def"
File: pd1enc.def 2020-05-15 v7.00e Hyperref: PDFDocEncoding definition (HO)
) ("C:\Program Files\MiKTeX\tex/generic/intcalc\intcalc.sty"
Package: intcalc 2019/12/15 v1.3 Expandable calculations with integers (HO)
) ("C:\Program Files\MiKTeX\tex/generic/etexcmds\etexcmds.sty"
Package: etexcmds 2019/12/15 v1.7 Avoid name clashes with e-TeX commands (HO)
)
\Hy@SavedSpaceFactor=\count280
Package hyperref Info: Option `unicode' set `true' on input line 4338.
("C:\Program Files\MiKTeX\tex/latex/hyperref\puenc.def"
File: puenc.def 2020-05-15 v7.00e Hyperref: PDF Unicode definition (HO)
)
Package hyperref Info: Hyper figures OFF on input line 4464.
Package hyperref Info: Link nesting OFF on input line 4469.
Package hyperref Info: Hyper index ON on input line 4472.
Package hyperref Info: Plain pages OFF on input line 4479.
Package hyperref Info: Backreferencing OFF on input line 4484.
Package hyperref Info: Implicit mode ON; LaTeX internals redefined.
Package hyperref Info: Bookmarks ON on input line 4717.
\c@Hy@tempcnt=\count281
LaTeX Info: Redefining \url on input line 5076.
\XeTeXLinkMargin=\dimen153
("C:\Program Files\MiKTeX\tex/generic/bitset\bitset.sty"
Package: bitset 2019/12/09 v1.3 Handle bit-vector datatype (HO)
("C:\Program Files\MiKTeX\tex/generic/bigintcalc\bigintcalc.sty"
Package: bigintcalc 2019/12/15 v1.5 Expandable calculations on big integers (HO
)
))
\Fld@menulength=\count282
\Field@Width=\dimen154
\Fld@charsize=\dimen155
Package hyperref Info: Hyper figures OFF on input line 6347.
Package hyperref Info: Link nesting OFF on input line 6352.
Package hyperref Info: Hyper index ON on input line 6355.
Package hyperref Info: backreferencing OFF on input line 6362.
Package hyperref Info: Link coloring OFF on input line 6367.
Package hyperref Info: Link coloring with OCG OFF on input line 6372.
Package hyperref Info: PDF/A mode OFF on input line 6377.
LaTeX Info: Redefining \ref on input line 6417.
LaTeX Info: Redefining \pageref on input line 6421.
("C:\Program Files\MiKTeX\tex/latex/base\atbegshi-ltx.sty"
Package: atbegshi-ltx 2020/08/17 v1.0a Emulation of the original atbegshi packa
ge
with kernel methods
)
\Hy@abspage=\count283
\c@Item=\count284
\c@Hfootnote=\count285
)
Package hyperref Info: Driver (autodetected): hxetex.
("C:\Program Files\MiKTeX\tex/latex/hyperref\hxetex.def"
File: hxetex.def 2020-05-15 v7.00e Hyperref driver for XeTeX
("C:\Program Files\MiKTeX\tex/generic/stringenc\stringenc.sty"
Package: stringenc 2019/11/29 v1.12 Convert strings between diff. encodings (HO
)
)
\pdfm@box=\box50
\c@Hy@AnnotLevel=\count286
\HyField@AnnotCount=\count287
\Fld@listcount=\count288
\c@bookmark@seq@number=\count289
("C:\Program Files\MiKTeX\tex/latex/rerunfilecheck\rerunfilecheck.sty"
Package: rerunfilecheck 2019/12/05 v1.9 Rerun checks for auxiliary files (HO)
("C:\Program Files\MiKTeX\tex/latex/base\atveryend-ltx.sty"
Package: atveryend-ltx 2020/08/19 v1.0a Emulation of the original atvery packag
e
with kernel methods
) ("C:\Program Files\MiKTeX\tex/generic/uniquecounter\uniquecounter.sty"
Package: uniquecounter 2019/12/15 v1.4 Provide unlimited unique counter (HO)
)
Package uniquecounter Info: New unique counter `rerunfilecheck' on input line 2
86.
)
\Hy@SectionHShift=\skip52
) ("C:\Program Files\MiKTeX\tex/latex/bookmark\bkm-dvipdfm.def"
File: bkm-dvipdfm.def 2019/12/03 v1.28 bookmark driver for dvipdfm (HO)
\BKM@id=\count290
)) ("C:\Program Files\MiKTeX\tex/latex/fancyvrb\fancyvrb.sty"
Package: fancyvrb 2020/05/03 v3.6 verbatim text (tvz,hv)
\FV@CodeLineNo=\count291
\FV@InFile=\read2
\FV@TabBox=\box51
\c@FancyVerbLine=\count292
\FV@StepNumber=\count293
\FV@OutFile=\write3
) ("C:\Program Files\MiKTeX\tex/latex/framed\framed.sty"
Package: framed 2011/10/22 v 0.96: framed or shaded text with page breaks
\OuterFrameSep=\skip53
\fb@frw=\dimen156
\fb@frh=\dimen157
\FrameRule=\dimen158
\FrameSep=\dimen159
) ("C:\Program Files\MiKTeX\tex/latex/tools\longtable.sty"
Package: longtable 2020/01/07 v4.13 Multi-page Table package (DPC)
\LTleft=\skip54
\LTright=\skip55
\LTpre=\skip56
\LTpost=\skip57
\LTchunksize=\count294
\LTcapwidth=\dimen160
\LT@head=\box52
\LT@firsthead=\box53
\LT@foot=\box54
\LT@lastfoot=\box55
\LT@cols=\count295
\LT@rows=\count296
\c@LT@tables=\count297
\c@LT@chunks=\count298
\LT@p@ftn=\toks23
) ("C:\Program Files\MiKTeX\tex/latex/booktabs\booktabs.sty"
Package: booktabs 2020/01/12 v1.61803398 Publication quality tables
\heavyrulewidth=\dimen161
\lightrulewidth=\dimen162
\cmidrulewidth=\dimen163
\belowrulesep=\dimen164
\belowbottomsep=\dimen165
\aboverulesep=\dimen166
\abovetopsep=\dimen167
\cmidrulesep=\dimen168
\cmidrulekern=\dimen169
\defaultaddspace=\dimen170
\@cmidla=\count299
\@cmidlb=\count300
\@aboverulesep=\dimen171
\@belowrulesep=\dimen172
\@thisruleclass=\count301
\@lastruleclass=\count302
\@thisrulewidth=\dimen173
) ("C:\Program Files\MiKTeX\tex/latex/footnotehyper\footnotehyper.sty"
Package: footnotehyper 2019/11/07 v1.1a hyperref aware footnote.sty (JFB)
\FNH@notes=\box56
\FNH@width=\dimen174
) ("C:\Program Files\MiKTeX\tex/latex/graphics\graphicx.sty"
Package: graphicx 2020/09/09 v1.2b Enhanced LaTeX Graphics (DPC,SPQR)
("C:\Program Files\MiKTeX\tex/latex/graphics\graphics.sty"
Package: graphics 2020/08/30 v1.4c Standard LaTeX Graphics (DPC,SPQR)
("C:\Program Files\MiKTeX\tex/latex/graphics\trig.sty"
Package: trig 2016/01/03 v1.10 sin cos tan (DPC)
) ("C:\Program Files\MiKTeX\tex/latex/graphics-cfg\graphics.cfg"
File: graphics.cfg 2016/06/04 v1.11 sample graphics configuration
)
Package graphics Info: Driver file: xetex.def on input line 105.
)
\Gin@req@height=\dimen175
\Gin@req@width=\dimen176
) ("C:\Program Files\MiKTeX\tex/latex/grffile\grffile.sty"
Package: grffile 2019/11/11 v2.1 Extended file name support for graphics (legac
y)
Package grffile Info: This package is an empty stub for compatibility on input 
line 40.
) ("C:\Program Files\MiKTeX\tex/latex/natbib\natbib.sty"
Package: natbib 2010/09/13 8.31b (PWD, AO)
\bibhang=\skip58
\bibsep=\skip59
LaTeX Info: Redefining \cite on input line 694.
\c@NAT@ctr=\count303
) (livro_Obstetricia_R.aux

LaTeX Warning: Label `fig:windows5' multiply defined.


LaTeX Warning: Label `fig:windows6' multiply defined.


LaTeX Warning: Label `fig:windows7' multiply defined.


LaTeX Warning: Label `fig:windows8' multiply defined.


LaTeX Warning: Label `fig:windows9' multiply defined.


LaTeX Warning: Label `fig:windows10' multiply defined.


LaTeX Warning: Label `fig:windows11' multiply defined.


LaTeX Warning: Label `fig:mac1' multiply defined.


LaTeX Warning: Label `fig:mac2' multiply defined.


LaTeX Warning: Label `fig:mac3' multiply defined.


LaTeX Warning: Label `fig:mac4' multiply defined.


LaTeX Warning: Label `fig:mac5' multiply defined.


LaTeX Warning: Label `fig:mac6' multiply defined.


LaTeX Warning: Label `fig:mac7' multiply defined.


LaTeX Warning: Label `fig:mac8' multiply defined.


LaTeX Warning: Label `fig:mac9' multiply defined.


LaTeX Warning: Label `fig:mac10' multiply defined.


LaTeX Warning: Label `fig:linux1' multiply defined.


LaTeX Warning: Label `fig:linux2' multiply defined.


LaTeX Warning: Label `fig:rswindows1' multiply defined.


LaTeX Warning: Label `fig:rswindows2' multiply defined.


LaTeX Warning: Label `fig:rswindows3' multiply defined.


LaTeX Warning: Label `fig:rswindows4' multiply defined.


LaTeX Warning: Label `fig:rswindows5' multiply defined.


LaTeX Warning: Label `fig:rswindows6' multiply defined.


LaTeX Warning: Label `fig:rswindows7' multiply defined.


LaTeX Warning: Label `fig:rsmac1' multiply defined.


LaTeX Warning: Label `fig:rsmac2' multiply defined.


LaTeX Warning: Label `fig:rsmac3' multiply defined.


LaTeX Warning: Label `fig:rsmac4' multiply defined.


LaTeX Warning: Label `fig:rsmac5' multiply defined.


LaTeX Warning: Label `fig:rsmac6' multiply defined.


LaTeX Warning: Label `fig:rslinux1' multiply defined.


LaTeX Warning: Label `fig:rslinux2' multiply defined.


LaTeX Warning: Label `fig:help' multiply defined.

)
\openout1 = `livro_Obstetricia_R.aux'.

LaTeX Font Info:    Checking defaults for OML/cmm/m/it on input line 117.
LaTeX Font Info:    ... okay on input line 117.
LaTeX Font Info:    Checking defaults for OMS/cmsy/m/n on input line 117.
LaTeX Font Info:    ... okay on input line 117.
LaTeX Font Info:    Checking defaults for OT1/cmr/m/n on input line 117.
LaTeX Font Info:    ... okay on input line 117.
LaTeX Font Info:    Checking defaults for T1/cmr/m/n on input line 117.
LaTeX Font Info:    ... okay on input line 117.
LaTeX Font Info:    Checking defaults for TS1/cmr/m/n on input line 117.
LaTeX Font Info:    ... okay on input line 117.
LaTeX Font Info:    Checking defaults for TU/lmr/m/n on input line 117.
LaTeX Font Info:    ... okay on input line 117.
LaTeX Font Info:    Checking defaults for OMX/cmex/m/n on input line 117.
LaTeX Font Info:    ... okay on input line 117.
LaTeX Font Info:    Checking defaults for U/cmr/m/n on input line 117.
LaTeX Font Info:    ... okay on input line 117.
LaTeX Font Info:    Checking defaults for PD1/pdf/m/n on input line 117.
LaTeX Font Info:    ... okay on input line 117.
LaTeX Font Info:    Checking defaults for PU/pdf/m/n on input line 117.
LaTeX Font Info:    ... okay on input line 117.
LaTeX Font Info:    Overwriting math alphabet `\mathrm' in version `normal'
(Font)                  OT1/lmr/m/n --> TU/lmr/m/n on input line 117.
LaTeX Font Info:    Overwriting math alphabet `\mathit' in version `normal'
(Font)                  OT1/lmr/m/it --> TU/lmr/m/it on input line 117.
LaTeX Font Info:    Overwriting math alphabet `\mathbf' in version `normal'
(Font)                  OT1/lmr/bx/n --> TU/lmr/bx/n on input line 117.
LaTeX Font Info:    Overwriting math alphabet `\mathsf' in version `normal'
(Font)                  OT1/lmss/m/n --> TU/lmss/m/n on input line 117.
LaTeX Font Info:    Overwriting math alphabet `\mathsf' in version `bold'
(Font)                  OT1/lmss/bx/n --> TU/lmss/bx/n on input line 117.
LaTeX Font Info:    Overwriting math alphabet `\mathtt' in version `normal'
(Font)                  OT1/lmtt/m/n --> TU/lmtt/m/n on input line 117.
LaTeX Font Info:    Overwriting math alphabet `\mathtt' in version `bold'
(Font)                  OT1/lmtt/m/n --> TU/lmtt/bx/n on input line 117.

Package fontspec Info: latinmodern-math scale = 0.9999964596882403.


Package fontspec Info: latinmodern-math scale = 0.9999964596882403.


Package fontspec Info: latinmodern-math scale = 0.9999964596882403.


Package fontspec Info: Font family 'latinmodern-math.otf(0)' created for font
(fontspec)             'latinmodern-math.otf' with options
(fontspec)             [Scale=MatchLowercase,BoldItalicFont={},ItalicFont={},Sm
allCapsFont={},Script=Math,BoldFont={latinmodern-math.otf}].
(fontspec)              
(fontspec)              This font family consists of the following NFSS
(fontspec)             series/shapes:
(fontspec)              
(fontspec)             - 'normal' (m/n) with NFSS spec.:
(fontspec)             <->s*[0.9999964596882403]"[latinmodern-math.otf]/OT:scri
pt=math;language=dflt;"
(fontspec)             - 'small caps'  (m/sc) with NFSS spec.: 
(fontspec)             - 'bold' (b/n) with NFSS spec.:
(fontspec)             <->s*[0.9999964596882403]"[latinmodern-math.otf]/OT:scri
pt=math;language=dflt;"
(fontspec)             - 'bold small caps'  (b/sc) with NFSS spec.: 

LaTeX Font Info:    Font shape `TU/latinmodern-math.otf(0)/m/n' will be
(Font)              scaled to size 10.0pt on input line 117.

Package fontspec Info: latinmodern-math scale = 0.9999964596882403.


Package fontspec Info: latinmodern-math scale = 0.9999964596882403.


Package fontspec Info: latinmodern-math scale = 0.9999964596882403.


Package fontspec Info: latinmodern-math scale = 0.9999964596882403.


Package fontspec Info: latinmodern-math scale = 0.9999964596882403.


Package fontspec Info: Font family 'latinmodern-math.otf(1)' created for font
(fontspec)             'latinmodern-math.otf' with options
(fontspec)             [Scale=MatchLowercase,BoldItalicFont={},ItalicFont={},Sm
allCapsFont={},Script=Math,SizeFeatures={{Size=8.5-},{Size=6-8.5,Font=latinmode
rn-math.otf,Style=MathScript},{Size=-6,Font=latinmodern-math.otf,Style=MathScri
ptScript}},BoldFont={latinmodern-math.otf}].
(fontspec)              
(fontspec)              This font family consists of the following NFSS
(fontspec)             series/shapes:
(fontspec)              
(fontspec)             - 'normal' (m/n) with NFSS spec.:
(fontspec)             <8.5->s*[0.9999964596882403]"[latinmodern-math.otf]/OT:s
cript=math;language=dflt;"<6-8.5>s*[0.9999964596882403]"[latinmodern-math.otf]/
OT:script=math;language=dflt;+ssty=0;"<-6>s*[0.9999964596882403]"[latinmodern-m
ath.otf]/OT:script=math;language=dflt;+ssty=1;"
(fontspec)             - 'small caps'  (m/sc) with NFSS spec.: 
(fontspec)             - 'bold' (b/n) with NFSS spec.:
(fontspec)             <->s*[0.9999964596882403]"[latinmodern-math.otf]/OT:scri
pt=math;language=dflt;"
(fontspec)             - 'bold small caps'  (b/sc) with NFSS spec.: 

LaTeX Font Info:    Font shape `TU/latinmodern-math.otf(1)/m/n' will be
(Font)              scaled to size 10.0pt on input line 117.
LaTeX Font Info:    Encoding `OT1' has changed to `TU' for symbol font
(Font)              `operators' in the math version `normal' on input line 117.

LaTeX Font Info:    Overwriting symbol font `operators' in version `normal'
(Font)                  OT1/lmr/m/n --> TU/latinmodern-math.otf(1)/m/n on input
 line 117.
LaTeX Font Info:    Encoding `OT1' has changed to `TU' for symbol font
(Font)              `operators' in the math version `bold' on input line 117.
LaTeX Font Info:    Overwriting symbol font `operators' in version `bold'
(Font)                  OT1/lmr/bx/n --> TU/latinmodern-math.otf(1)/b/n on inpu
t line 117.

Package fontspec Info: latinmodern-math scale = 0.9999964596882403.


Package fontspec Info: latinmodern-math scale = 1.000096459334209.


Package fontspec Info: latinmodern-math scale = 0.9999964596882403.


Package fontspec Info: latinmodern-math scale = 1.000096459334209.


Package fontspec Info: latinmodern-math scale = 0.9999964596882403.


Package fontspec Info: latinmodern-math scale = 1.000096459334209.


Package fontspec Info: latinmodern-math scale = 0.9999964596882403.


Package fontspec Info: latinmodern-math scale = 1.000096459334209.


Package fontspec Info: latinmodern-math scale = 0.9999964596882403.


Package fontspec Info: latinmodern-math scale = 1.000096459334209.


Package fontspec Info: Font family 'latinmodern-math.otf(2)' created for font
(fontspec)             'latinmodern-math.otf' with options
(fontspec)             [Scale=MatchLowercase,BoldItalicFont={},ItalicFont={},Sm
allCapsFont={},Script=Math,SizeFeatures={{Size=8.5-},{Size=6-8.5,Font=latinmode
rn-math.otf,Style=MathScript},{Size=-6,Font=latinmodern-math.otf,Style=MathScri
ptScript}},BoldFont={latinmodern-math.otf},ScaleAgain=1.0001,FontAdjustment={\f
ontdimen
(fontspec)             8\font =6.77pt\relax \fontdimen 9\font =3.94pt\relax
(fontspec)             \fontdimen 10\font =4.44pt\relax \fontdimen 11\font
(fontspec)             =6.86pt\relax \fontdimen 12\font =3.45pt\relax
(fontspec)             \fontdimen 13\font =3.63pt\relax \fontdimen 14\font
(fontspec)             =3.63pt\relax \fontdimen 15\font =2.89pt\relax
(fontspec)             \fontdimen 16\font =2.47pt\relax \fontdimen 17\font
(fontspec)             =2.47pt\relax \fontdimen 18\font =2.5pt\relax
(fontspec)             \fontdimen 19\font =2.0pt\relax \fontdimen 22\font
(fontspec)             =2.5pt\relax \fontdimen 20\font =0pt\relax \fontdimen
(fontspec)             21\font =0pt\relax }].
(fontspec)              
(fontspec)              This font family consists of the following NFSS
(fontspec)             series/shapes:
(fontspec)              
(fontspec)             - 'normal' (m/n) with NFSS spec.:
(fontspec)             <8.5->s*[1.000096459334209]"[latinmodern-math.otf]/OT:sc
ript=math;language=dflt;"<6-8.5>s*[1.000096459334209]"[latinmodern-math.otf]/OT
:script=math;language=dflt;+ssty=0;"<-6>s*[1.000096459334209]"[latinmodern-math
.otf]/OT:script=math;language=dflt;+ssty=1;"
(fontspec)             - 'small caps'  (m/sc) with NFSS spec.: 
(fontspec)             and font adjustment code:
(fontspec)             \fontdimen 8\font =6.77pt\relax \fontdimen 9\font
(fontspec)             =3.94pt\relax \fontdimen 10\font =4.44pt\relax
(fontspec)             \fontdimen 11\font =6.86pt\relax \fontdimen 12\font
(fontspec)             =3.45pt\relax \fontdimen 13\font =3.63pt\relax
(fontspec)             \fontdimen 14\font =3.63pt\relax \fontdimen 15\font
(fontspec)             =2.89pt\relax \fontdimen 16\font =2.47pt\relax
(fontspec)             \fontdimen 17\font =2.47pt\relax \fontdimen 18\font
(fontspec)             =2.5pt\relax \fontdimen 19\font =2.0pt\relax \fontdimen
(fontspec)             22\font =2.5pt\relax \fontdimen 20\font =0pt\relax
(fontspec)             \fontdimen 21\font =0pt\relax 
(fontspec)             - 'bold' (b/n) with NFSS spec.:
(fontspec)             <->s*[1.000096459334209]"[latinmodern-math.otf]/OT:scrip
t=math;language=dflt;"
(fontspec)             - 'bold small caps'  (b/sc) with NFSS spec.: 
(fontspec)             and font adjustment code:
(fontspec)             \fontdimen 8\font =6.77pt\relax \fontdimen 9\font
(fontspec)             =3.94pt\relax \fontdimen 10\font =4.44pt\relax
(fontspec)             \fontdimen 11\font =6.86pt\relax \fontdimen 12\font
(fontspec)             =3.45pt\relax \fontdimen 13\font =3.63pt\relax
(fontspec)             \fontdimen 14\font =3.63pt\relax \fontdimen 15\font
(fontspec)             =2.89pt\relax \fontdimen 16\font =2.47pt\relax
(fontspec)             \fontdimen 17\font =2.47pt\relax \fontdimen 18\font
(fontspec)             =2.5pt\relax \fontdimen 19\font =2.0pt\relax \fontdimen
(fontspec)             22\font =2.5pt\relax \fontdimen 20\font =0pt\relax
(fontspec)             \fontdimen 21\font =0pt\relax 

LaTeX Font Info:    Encoding `OMS' has changed to `TU' for symbol font
(Font)              `symbols' in the math version `normal' on input line 117.
LaTeX Font Info:    Overwriting symbol font `symbols' in version `normal'
(Font)                  OMS/lmsy/m/n --> TU/latinmodern-math.otf(2)/m/n on inpu
t line 117.
LaTeX Font Info:    Encoding `OMS' has changed to `TU' for symbol font
(Font)              `symbols' in the math version `bold' on input line 117.
LaTeX Font Info:    Overwriting symbol font `symbols' in version `bold'
(Font)                  OMS/lmsy/b/n --> TU/latinmodern-math.otf(2)/b/n on inpu
t line 117.

Package fontspec Info: latinmodern-math scale = 0.9999964596882403.


Package fontspec Info: latinmodern-math scale = 0.9998964600422715.


Package fontspec Info: latinmodern-math scale = 0.9999964596882403.


Package fontspec Info: latinmodern-math scale = 0.9998964600422715.


Package fontspec Info: latinmodern-math scale = 0.9999964596882403.


Package fontspec Info: latinmodern-math scale = 0.9998964600422715.


Package fontspec Info: latinmodern-math scale = 0.9999964596882403.


Package fontspec Info: latinmodern-math scale = 0.9998964600422715.


Package fontspec Info: latinmodern-math scale = 0.9999964596882403.


Package fontspec Info: latinmodern-math scale = 0.9998964600422715.


Package fontspec Info: Font family 'latinmodern-math.otf(3)' created for font
(fontspec)             'latinmodern-math.otf' with options
(fontspec)             [Scale=MatchLowercase,BoldItalicFont={},ItalicFont={},Sm
allCapsFont={},Script=Math,SizeFeatures={{Size=8.5-},{Size=6-8.5,Font=latinmode
rn-math.otf,Style=MathScript},{Size=-6,Font=latinmodern-math.otf,Style=MathScri
ptScript}},BoldFont={latinmodern-math.otf},ScaleAgain=0.9999,FontAdjustment={\f
ontdimen
(fontspec)             8\font =0.4pt\relax \fontdimen 9\font =2.0pt\relax
(fontspec)             \fontdimen 10\font =1.67pt\relax \fontdimen 11\font
(fontspec)             =1.11pt\relax \fontdimen 12\font =6.0pt\relax
(fontspec)             \fontdimen 13\font =0pt\relax }].
(fontspec)              
(fontspec)              This font family consists of the following NFSS
(fontspec)             series/shapes:
(fontspec)              
(fontspec)             - 'normal' (m/n) with NFSS spec.:
(fontspec)             <8.5->s*[0.9998964600422715]"[latinmodern-math.otf]/OT:s
cript=math;language=dflt;"<6-8.5>s*[0.9998964600422715]"[latinmodern-math.otf]/
OT:script=math;language=dflt;+ssty=0;"<-6>s*[0.9998964600422715]"[latinmodern-m
ath.otf]/OT:script=math;language=dflt;+ssty=1;"
(fontspec)             - 'small caps'  (m/sc) with NFSS spec.: 
(fontspec)             and font adjustment code:
(fontspec)             \fontdimen 8\font =0.4pt\relax \fontdimen 9\font
(fontspec)             =2.0pt\relax \fontdimen 10\font =1.67pt\relax
(fontspec)             \fontdimen 11\font =1.11pt\relax \fontdimen 12\font
(fontspec)             =6.0pt\relax \fontdimen 13\font =0pt\relax 
(fontspec)             - 'bold' (b/n) with NFSS spec.:
(fontspec)             <->s*[0.9998964600422715]"[latinmodern-math.otf]/OT:scri
pt=math;language=dflt;"
(fontspec)             - 'bold small caps'  (b/sc) with NFSS spec.: 
(fontspec)             and font adjustment code:
(fontspec)             \fontdimen 8\font =0.4pt\relax \fontdimen 9\font
(fontspec)             =2.0pt\relax \fontdimen 10\font =1.67pt\relax
(fontspec)             \fontdimen 11\font =1.11pt\relax \fontdimen 12\font
(fontspec)             =6.0pt\relax \fontdimen 13\font =0pt\relax 

LaTeX Font Info:    Encoding `OMX' has changed to `TU' for symbol font
(Font)              `largesymbols' in the math version `normal' on input line 1
17.
LaTeX Font Info:    Overwriting symbol font `largesymbols' in version `normal'
(Font)                  OMX/lmex/m/n --> TU/latinmodern-math.otf(3)/m/n on inpu
t line 117.
LaTeX Font Info:    Encoding `OMX' has changed to `TU' for symbol font
(Font)              `largesymbols' in the math version `bold' on input line 117
.
LaTeX Font Info:    Overwriting symbol font `largesymbols' in version `bold'
(Font)                  OMX/lmex/m/n --> TU/latinmodern-math.otf(3)/b/n on inpu
t line 117.
LaTeX Info: Redefining \microtypecontext on input line 117.
Package microtype Info: Character protrusion enabled (level 2).
Package microtype Info: Using protrusion set `basicmath'.
Package microtype Info: No adjustment of tracking.
Package microtype Info: No adjustment of spacing.
Package microtype Info: No adjustment of kerning.
("C:\Program Files\MiKTeX\tex/latex/microtype\mt-LatinModernRoman.cfg"
File: mt-LatinModernRoman.cfg 2013/03/13 v1.0 microtype config. file: Latin Mod
ern Roman (RS)
)
Package hyperref Info: Link coloring OFF on input line 117.
("C:\Program Files\MiKTeX\tex/latex/hyperref\nameref.sty"
Package: nameref 2019/09/16 v2.46 Cross-referencing by name of section
("C:\Program Files\MiKTeX\tex/latex/refcount\refcount.sty"
Package: refcount 2019/12/15 v3.6 Data extraction from label references (HO)
) ("C:\Program Files\MiKTeX\tex/generic/gettitlestring\gettitlestring.sty"
Package: gettitlestring 2019/12/15 v1.6 Cleanup title references (HO)
)
\c@section@level=\count304
)
LaTeX Info: Redefining \ref on input line 117.
LaTeX Info: Redefining \pageref on input line 117.
LaTeX Info: Redefining \nameref on input line 117.
LaTeX Font Info:    Font shape `TU/latinmodern-math.otf(1)/m/n' will be
(Font)              scaled to size 12.0pt on input line 119.
LaTeX Font Info:    Font shape `TU/latinmodern-math.otf(1)/m/n' will be
(Font)              scaled to size 8.0pt on input line 119.
LaTeX Font Info:    Font shape `TU/latinmodern-math.otf(1)/m/n' will be
(Font)              scaled to size 6.0pt on input line 119.
LaTeX Font Info:    Trying to load font information for OML+lmm on input line 1
19.
("C:\Program Files\MiKTeX\tex/latex/lm\omllmm.fd"
File: omllmm.fd 2009/10/30 v1.6 Font defs for Latin Modern
)
LaTeX Font Info:    Font shape `TU/latinmodern-math.otf(2)/m/n' will be
(Font)              scaled to size 12.0011pt on input line 119.
LaTeX Font Info:    Font shape `TU/latinmodern-math.otf(2)/m/n' will be
(Font)              scaled to size 8.00073pt on input line 119.
LaTeX Font Info:    Font shape `TU/latinmodern-math.otf(2)/m/n' will be
(Font)              scaled to size 6.00055pt on input line 119.
LaTeX Font Info:    Font shape `TU/latinmodern-math.otf(3)/m/n' will be
(Font)              scaled to size 11.99872pt on input line 119.
LaTeX Font Info:    Font shape `TU/latinmodern-math.otf(3)/m/n' will be
(Font)              scaled to size 7.99915pt on input line 119.
LaTeX Font Info:    Font shape `TU/latinmodern-math.otf(3)/m/n' will be
(Font)              scaled to size 5.99936pt on input line 119.
LaTeX Font Info:    Trying to load font information for U+msa on input line 119
.
("C:\Program Files\MiKTeX\tex/latex/amsfonts\umsa.fd"
File: umsa.fd 2013/01/14 v3.01 AMS symbols A
) ("C:\Program Files\MiKTeX\tex/latex/microtype\mt-msa.cfg"
File: mt-msa.cfg 2006/02/04 v1.1 microtype config. file: AMS symbols (a) (RS)
)
LaTeX Font Info:    Trying to load font information for U+msb on input line 119
.
("C:\Program Files\MiKTeX\tex/latex/amsfonts\umsb.fd"
File: umsb.fd 2013/01/14 v3.01 AMS symbols B
) ("C:\Program Files\MiKTeX\tex/latex/microtype\mt-msb.cfg"
File: mt-msb.cfg 2005/06/01 v1.0 microtype config. file: AMS symbols (b) (RS)
) [1


] [2

] (livro_Obstetricia_R.toc
LaTeX Font Info:    Font shape `TU/latinmodern-math.otf(1)/m/n' will be
(Font)              scaled to size 7.0pt on input line 3.
LaTeX Font Info:    Font shape `TU/latinmodern-math.otf(1)/m/n' will be
(Font)              scaled to size 5.0pt on input line 3.
LaTeX Font Info:    Font shape `TU/latinmodern-math.otf(2)/m/n' will be
(Font)              scaled to size 10.00092pt on input line 3.
LaTeX Font Info:    Font shape `TU/latinmodern-math.otf(2)/m/n' will be
(Font)              scaled to size 7.00064pt on input line 3.
LaTeX Font Info:    Font shape `TU/latinmodern-math.otf(2)/m/n' will be
(Font)              scaled to size 5.00046pt on input line 3.
LaTeX Font Info:    Font shape `TU/latinmodern-math.otf(3)/m/n' will be
(Font)              scaled to size 9.99893pt on input line 3.
LaTeX Font Info:    Font shape `TU/latinmodern-math.otf(3)/m/n' will be
(Font)              scaled to size 6.99925pt on input line 3.
LaTeX Font Info:    Font shape `TU/latinmodern-math.otf(3)/m/n' will be
(Font)              scaled to size 4.99947pt on input line 3.
)
\tf@toc=\write4
\openout4 = `livro_Obstetricia_R.toc'.

[3] [4

]
Chapter 1.
[5] [6

]
Chapter 2.
[7] [8]
File: figures/dicionario_dados_progest.png Graphic file (type bmp)
<figures/dicionario_dados_progest.png>

Overfull \hbox (739.47034pt too wide) in paragraph at lines 189--204
[][] 
 []


Underfull \vbox (badness 10000) has occurred while \output is active []

[9]
File: figures/dicionario_dados_progest2.png Graphic file (type bmp)
<figures/dicionario_dados_progest2.png>

Overfull \hbox (254.05013pt too wide) in paragraph at lines 224--239
[][] 
 []


Underfull \vbox (badness 1742) has occurred while \output is active []

[10]
Underfull \vbox (badness 5091) has occurred while \output is active []

[11]
File: figures/install_Windows.png Graphic file (type bmp)
<figures/install_Windows.png>
File: figures/install_Windows2.png Graphic file (type bmp)
<figures/install_Windows2.png>
File: figures/install_Windows3.png Graphic file (type bmp)
<figures/install_Windows3.png>
File: figures/install_Windows4.png Graphic file (type bmp)
<figures/install_Windows4.png>
File: figures/install_Windows5.png Graphic file (type bmp)
<figures/install_Windows5.png>
File: figures/install_Windows6.png Graphic file (type bmp)
<figures/install_Windows6.png>
File: figures/install_Windows7.png Graphic file (type bmp)
<figures/install_Windows7.png>
File: figures/install_Windows8.png Graphic file (type bmp)
<figures/install_Windows8.png>
File: figures/install_Windows9.png Graphic file (type bmp)
<figures/install_Windows9.png>
[12] [13] [14] [15]
File: figures/install_Windows10.png Graphic file (type bmp)
<figures/install_Windows10.png>
File: figures/install_Windows11.png Graphic file (type bmp)
<figures/install_Windows11.png>
File: figures/mac_R_1.png Graphic file (type bmp)
<figures/mac_R_1.png>
File: figures/mac_R_2.png Graphic file (type bmp)
<figures/mac_R_2.png>
File: figures/mac_R_3.png Graphic file (type bmp)
<figures/mac_R_3.png>
File: figures/mac_R_4.png Graphic file (type bmp)
<figures/mac_R_4.png>
File: figures/mac_R_5.png Graphic file (type bmp)
<figures/mac_R_5.png>
[16] [17] [18] [19]
File: figures/mac_R_6.png Graphic file (type bmp)
<figures/mac_R_6.png>
File: figures/mac_R_7.png Graphic file (type bmp)
<figures/mac_R_7.png>
File: figures/mac_R_8.png Graphic file (type bmp)
<figures/mac_R_8.png>
File: figures/mac_R_9.png Graphic file (type bmp)
<figures/mac_R_9.png>
File: figures/mac_R_10.png Graphic file (type bmp)
<figures/mac_R_10.png>
File: figures/install_R_linux.png Graphic file (type bmp)
<figures/install_R_linux.png>
File: figures/install_R_linux2.png Graphic file (type bmp)
<figures/install_R_linux2.png>

Underfull \vbox (badness 1430) has occurred while \output is active []

[20] [21] [22] [23]
File: figures/install_Rstudio1.png Graphic file (type bmp)
<figures/install_Rstudio1.png>
File: figures/install_Rstudio2.png Graphic file (type bmp)
<figures/install_Rstudio2.png>
File: figures/install_Rstudio3.png Graphic file (type bmp)
<figures/install_Rstudio3.png>
File: figures/install_Rstudio4.png Graphic file (type bmp)
<figures/install_Rstudio4.png>
File: figures/install_Rstudio5.png Graphic file (type bmp)
<figures/install_Rstudio5.png>
File: figures/install_Rstudio6.png Graphic file (type bmp)
<figures/install_Rstudio6.png>
File: figures/install_Rstudio7.png Graphic file (type bmp)
<figures/install_Rstudio7.png>
File: figures/install_Rstudio1.png Graphic file (type bmp)
<figures/install_Rstudio1.png>
File: figures/mac_RSt_1.png Graphic file (type bmp)
<figures/mac_RSt_1.png>
File: figures/mac_RSt_2.png Graphic file (type bmp)
<figures/mac_RSt_2.png>
[24] [25] [26] [27] [28] [29]
File: figures/mac_RSt_3.png Graphic file (type bmp)
<figures/mac_RSt_3.png>
File: figures/mac_RSt_4.png Graphic file (type bmp)
<figures/mac_RSt_4.png>
File: figures/mac_RSt_5.png Graphic file (type bmp)
<figures/mac_RSt_5.png>
File: figures/install_Rstudio1.png Graphic file (type bmp)
<figures/install_Rstudio1.png>
File: figures/install_Rstudio_linux.png Graphic file (type bmp)
<figures/install_Rstudio_linux.png>
File: figures/rstudio1.png Graphic file (type bmp)
<figures/rstudio1.png>
[30] [31] [32]
File: figures/rstudio2.png Graphic file (type bmp)
<figures/rstudio2.png>
File: figures/rstudio3.png Graphic file (type bmp)
<figures/rstudio3.png>
File: figures/rstudio4.png Graphic file (type bmp)
<figures/rstudio4.png>
File: figures/rstudio5.png Graphic file (type bmp)
<figures/rstudio5.png>
File: figures/rstudio6.png Graphic file (type bmp)
<figures/rstudio6.png>
[33] [34] [35]
LaTeX Font Info:    Font shape `TU/lmtt/bx/n' in size <10> not available
(Font)              Font shape `TU/lmtt/b/n' tried instead on input line 754.
[36] [37]
Overfull \hbox (17.25pt too wide) in paragraph at lines 882--882
[]\TU/lmtt/m/n/10 ## Error in eval(expr, envir, enclos): objeto []banana[] não 
encontrado[] 
 []

[38] [39] [40] [41]
Underfull \vbox (badness 1221) has occurred while \output is active []

[42] [43] [44] [45] [46] [47] [48] [49] [50]
Underfull \hbox (badness 10000) in paragraph at lines 1995--1996
[]\TU/lmr/m/n/10 Help/documentação do R (comandos help(nome_da_funcao) ou
 []

File: figures/help_R.png Graphic file (type bmp)
<figures/help_R.png>
[51] [52]
Underfull \hbox (badness 2600) in paragraph at lines 2106--2107
[]\TU/lmr/m/n/10 Se você tivesse carregado o pacote \TU/lmtt/m/n/10 dplyr \TU/l
mr/m/n/10 anteriormente (pela função
 []

[53] [54

]
Chapter 3.

Underfull \vbox (badness 4096) has occurred while \output is active []

[55]
File: figures/esquma_pop_amos.png Graphic file (type bmp)
<figures/esquma_pop_amos.png>
[56]
File: figures/tipos_variaveis.png Graphic file (type bmp)
<figures/tipos_variaveis.png>
[57]
Underfull \vbox (badness 1281) has occurred while \output is active []

[58] [59] [60]
Overfull \hbox (59.25pt too wide) in paragraph at lines 2409--2409
[]\TU/lmtt/m/n/10 ##       ID Grupo CORION []Data aval[]         []Data nascime
nto[]   []COR BRANCO[][] 
 []


Overfull \hbox (59.25pt too wide) in paragraph at lines 2409--2409
[]\TU/lmtt/m/n/10 ##    <dbl> <dbl> <chr>  <dttm>              <dttm>          
           <dbl>[] 
 []


Overfull \hbox (59.25pt too wide) in paragraph at lines 2409--2409
[]\TU/lmtt/m/n/10 ##  1     1     2 Di     2017-04-23 00:00:00 1988-04-30 00:00
:00            1[] 
 []


Overfull \hbox (59.25pt too wide) in paragraph at lines 2409--2409
[]\TU/lmtt/m/n/10 ##  2     2     1 Mono   2016-03-21 00:00:00 1982-03-30 00:00
:00            1[] 
 []


Overfull \hbox (59.25pt too wide) in paragraph at lines 2409--2409
[]\TU/lmtt/m/n/10 ##  3     2     1 Mono   2016-03-21 00:00:00 1982-03-30 00:00
:00            1[] 
 []


Overfull \hbox (59.25pt too wide) in paragraph at lines 2409--2409
[]\TU/lmtt/m/n/10 ##  4     3     1 Di     2016-02-17 00:00:00 1991-02-23 00:00
:00            2[] 
 []


Overfull \hbox (59.25pt too wide) in paragraph at lines 2409--2409
[]\TU/lmtt/m/n/10 ##  5     5     2 Di     2017-04-23 00:00:00 1988-04-30 00:00
:00            2[] 
 []


Overfull \hbox (59.25pt too wide) in paragraph at lines 2409--2409
[]\TU/lmtt/m/n/10 ##  6     6     1 Di     2016-03-21 00:00:00 1989-03-28 00:00
:00            2[] 
 []


Overfull \hbox (59.25pt too wide) in paragraph at lines 2409--2409
[]\TU/lmtt/m/n/10 ##  7     7     2 Di     2016-02-17 00:00:00 1985-02-24 00:00
:00            2[] 
 []


Overfull \hbox (59.25pt too wide) in paragraph at lines 2409--2409
[]\TU/lmtt/m/n/10 ##  8     8     1 Di     2017-12-14 00:00:00 1988-12-21 00:00
:00            1[] 
 []


Overfull \hbox (59.25pt too wide) in paragraph at lines 2409--2409
[]\TU/lmtt/m/n/10 ##  9     9     1 Di     2017-04-23 00:00:00 1980-05-02 00:00
:00            3[] 
 []


Overfull \hbox (59.25pt too wide) in paragraph at lines 2409--2409
[]\TU/lmtt/m/n/10 ## 10    10     2 Di     2016-03-21 00:00:00 1984-03-29 00:00
:00            1[] 
 []


Overfull \hbox (69.75pt too wide) in paragraph at lines 2409--2409
[]\TU/lmtt/m/n/10 ## # ... with 98 more rows, and 15 more variables: []Peso Pré
[] <dbl>, ALT <dbl>,[] 
 []


Overfull \hbox (54.0pt too wide) in paragraph at lines 2409--2409
[]\TU/lmtt/m/n/10 ## #   Gesta <dbl>, Para <dbl>, Aborto <dbl>, IND_AP <dbl>, T
abagismo <dbl>,[] 
 []


Overfull \hbox (6.75pt too wide) in paragraph at lines 2409--2409
[]\TU/lmtt/m/n/10 ## #   Alcool <dbl>, Drogas <dbl>, IG_Aval <dbl>, MedidaColo 
<dbl>,[] 
 []


Overfull \hbox (43.5pt too wide) in paragraph at lines 2409--2409
[]\TU/lmtt/m/n/10 ## #   Num_contra_CTG <dbl>, []IGP semana[] <dbl>, []IGP dia[
] <dbl>, oi <lgl>[] 
 []


Overfull \hbox (38.25pt too wide) in paragraph at lines 2439--2439
[]\TU/lmtt/m/n/10 ##  [1] "ID"              "Grupo"           "CORION"         
 "Data aval"[] 
 []


Overfull \hbox (6.75pt too wide) in paragraph at lines 2439--2439
[]\TU/lmtt/m/n/10 ##  [5] "Data nascimento" "COR BRANCO"      "Peso Pré"       
 "ALT"[] 
 []


Overfull \hbox (22.5pt too wide) in paragraph at lines 2439--2439
[]\TU/lmtt/m/n/10 ##  [9] "Gesta"           "Para"            "Aborto"         
 "IND_AP"[] 
 []


Overfull \hbox (27.75pt too wide) in paragraph at lines 2439--2439
[]\TU/lmtt/m/n/10 ## [13] "Tabagismo"       "Alcool"          "Drogas"         
 "IG_Aval"[] 
 []


Overfull \hbox (27.75pt too wide) in paragraph at lines 2439--2439
[]\TU/lmtt/m/n/10 ## [17] "MedidaColo"      "Num_contra_CTG"  "IGP semana"     
 "IGP dia"[] 
 []

[61]
Overfull \hbox (38.25pt too wide) in paragraph at lines 2470--2470
[]\TU/lmtt/m/n/10 ##  [1] "id"              "grupo"           "corion"         
 "data_aval"[] 
 []


Overfull \hbox (6.75pt too wide) in paragraph at lines 2470--2470
[]\TU/lmtt/m/n/10 ##  [5] "data_nascimento" "cor_branco"      "peso_pre"       
 "alt"[] 
 []


Overfull \hbox (22.5pt too wide) in paragraph at lines 2470--2470
[]\TU/lmtt/m/n/10 ##  [9] "gesta"           "para"            "aborto"         
 "ind_ap"[] 
 []


Overfull \hbox (27.75pt too wide) in paragraph at lines 2470--2470
[]\TU/lmtt/m/n/10 ## [13] "tabagismo"       "alcool"          "drogas"         
 "ig_aval"[] 
 []


Overfull \hbox (27.75pt too wide) in paragraph at lines 2470--2470
[]\TU/lmtt/m/n/10 ## [17] "medida_colo"     "num_contra_ctg"  "igp_semana"     
 "igp_dia"[] 
 []


Overfull \hbox (48.75pt too wide) in paragraph at lines 2500--2500
[]\TU/lmtt/m/n/10 ##       id grupo corion data_aval           data_nascimento 
    cor_branco[] 
 []


Overfull \hbox (48.75pt too wide) in paragraph at lines 2500--2500
[]\TU/lmtt/m/n/10 ##    <dbl> <dbl> <chr>  <dttm>              <dttm>          
         <dbl>[] 
 []


Overfull \hbox (48.75pt too wide) in paragraph at lines 2500--2500
[]\TU/lmtt/m/n/10 ##  1     1     2 Di     2017-04-23 00:00:00 1988-04-30 00:00
:00          1[] 
 []


Overfull \hbox (48.75pt too wide) in paragraph at lines 2500--2500
[]\TU/lmtt/m/n/10 ##  2     2     1 Mono   2016-03-21 00:00:00 1982-03-30 00:00
:00          1[] 
 []


Overfull \hbox (48.75pt too wide) in paragraph at lines 2500--2500
[]\TU/lmtt/m/n/10 ##  3     2     1 Mono   2016-03-21 00:00:00 1982-03-30 00:00
:00          1[] 
 []


Overfull \hbox (48.75pt too wide) in paragraph at lines 2500--2500
[]\TU/lmtt/m/n/10 ##  4     3     1 Di     2016-02-17 00:00:00 1991-02-23 00:00
:00          2[] 
 []


Overfull \hbox (48.75pt too wide) in paragraph at lines 2500--2500
[]\TU/lmtt/m/n/10 ##  5     5     2 Di     2017-04-23 00:00:00 1988-04-30 00:00
:00          2[] 
 []


Overfull \hbox (48.75pt too wide) in paragraph at lines 2500--2500
[]\TU/lmtt/m/n/10 ##  6     6     1 Di     2016-03-21 00:00:00 1989-03-28 00:00
:00          2[] 
 []


Overfull \hbox (48.75pt too wide) in paragraph at lines 2500--2500
[]\TU/lmtt/m/n/10 ##  7     7     2 Di     2016-02-17 00:00:00 1985-02-24 00:00
:00          2[] 
 []


Overfull \hbox (48.75pt too wide) in paragraph at lines 2500--2500
[]\TU/lmtt/m/n/10 ##  8     8     1 Di     2017-12-14 00:00:00 1988-12-21 00:00
:00          1[] 
 []


Overfull \hbox (48.75pt too wide) in paragraph at lines 2500--2500
[]\TU/lmtt/m/n/10 ##  9     9     1 Di     2017-04-23 00:00:00 1980-05-02 00:00
:00          3[] 
 []


Overfull \hbox (48.75pt too wide) in paragraph at lines 2500--2500
[]\TU/lmtt/m/n/10 ## 10    10     2 Di     2016-03-21 00:00:00 1984-03-29 00:00
:00          1[] 
 []


Overfull \hbox (59.25pt too wide) in paragraph at lines 2500--2500
[]\TU/lmtt/m/n/10 ## # ... with 98 more rows, and 15 more variables: peso_pre <
dbl>, alt <dbl>,[] 
 []


Overfull \hbox (54.0pt too wide) in paragraph at lines 2500--2500
[]\TU/lmtt/m/n/10 ## #   gesta <dbl>, para <dbl>, aborto <dbl>, ind_ap <dbl>, t
abagismo <dbl>,[] 
 []


Overfull \hbox (12.0pt too wide) in paragraph at lines 2500--2500
[]\TU/lmtt/m/n/10 ## #   alcool <dbl>, drogas <dbl>, ig_aval <dbl>, medida_colo
 <dbl>,[] 
 []


Overfull \hbox (22.5pt too wide) in paragraph at lines 2500--2500
[]\TU/lmtt/m/n/10 ## #   num_contra_ctg <dbl>, igp_semana <dbl>, igp_dia <dbl>,
 oi <lgl>[] 
 []

[62]
Overfull \hbox (48.75pt too wide) in paragraph at lines 2529--2529
[]\TU/lmtt/m/n/10 ##       id grupo corion data_aval           data_nascimento 
    cor_branco[] 
 []


Overfull \hbox (48.75pt too wide) in paragraph at lines 2529--2529
[]\TU/lmtt/m/n/10 ##    <dbl> <dbl> <chr>  <dttm>              <dttm>          
         <dbl>[] 
 []


Overfull \hbox (48.75pt too wide) in paragraph at lines 2529--2529
[]\TU/lmtt/m/n/10 ##  1     1     2 Di     2017-04-23 00:00:00 1988-04-30 00:00
:00          1[] 
 []


Overfull \hbox (48.75pt too wide) in paragraph at lines 2529--2529
[]\TU/lmtt/m/n/10 ##  2     2     1 Mono   2016-03-21 00:00:00 1982-03-30 00:00
:00          1[] 
 []


Overfull \hbox (48.75pt too wide) in paragraph at lines 2529--2529
[]\TU/lmtt/m/n/10 ##  3     2     1 Mono   2016-03-21 00:00:00 1982-03-30 00:00
:00          1[] 
 []


Overfull \hbox (48.75pt too wide) in paragraph at lines 2529--2529
[]\TU/lmtt/m/n/10 ##  4     3     1 Di     2016-02-17 00:00:00 1991-02-23 00:00
:00          2[] 
 []


Overfull \hbox (48.75pt too wide) in paragraph at lines 2529--2529
[]\TU/lmtt/m/n/10 ##  5     5     2 Di     2017-04-23 00:00:00 1988-04-30 00:00
:00          2[] 
 []


Overfull \hbox (48.75pt too wide) in paragraph at lines 2529--2529
[]\TU/lmtt/m/n/10 ##  6     6     1 Di     2016-03-21 00:00:00 1989-03-28 00:00
:00          2[] 
 []


Overfull \hbox (48.75pt too wide) in paragraph at lines 2529--2529
[]\TU/lmtt/m/n/10 ##  7     7     2 Di     2016-02-17 00:00:00 1985-02-24 00:00
:00          2[] 
 []


Overfull \hbox (48.75pt too wide) in paragraph at lines 2529--2529
[]\TU/lmtt/m/n/10 ##  8     8     1 Di     2017-12-14 00:00:00 1988-12-21 00:00
:00          1[] 
 []


Overfull \hbox (48.75pt too wide) in paragraph at lines 2529--2529
[]\TU/lmtt/m/n/10 ##  9     9     1 Di     2017-04-23 00:00:00 1980-05-02 00:00
:00          3[] 
 []


Overfull \hbox (48.75pt too wide) in paragraph at lines 2529--2529
[]\TU/lmtt/m/n/10 ## 10    10     2 Di     2016-03-21 00:00:00 1984-03-29 00:00
:00          1[] 
 []


Overfull \hbox (59.25pt too wide) in paragraph at lines 2529--2529
[]\TU/lmtt/m/n/10 ## # ... with 98 more rows, and 14 more variables: peso_pre <
dbl>, alt <dbl>,[] 
 []


Overfull \hbox (54.0pt too wide) in paragraph at lines 2529--2529
[]\TU/lmtt/m/n/10 ## #   gesta <dbl>, para <dbl>, aborto <dbl>, ind_ap <dbl>, t
abagismo <dbl>,[] 
 []


Overfull \hbox (12.0pt too wide) in paragraph at lines 2529--2529
[]\TU/lmtt/m/n/10 ## #   alcool <dbl>, drogas <dbl>, ig_aval <dbl>, medida_colo
 <dbl>,[] 
 []


Overfull \hbox (22.5pt too wide) in paragraph at lines 2558--2558
[]\TU/lmtt/m/n/10 ##      id dupe_count grupo corion data_aval           data_n
ascimento[] 
 []


Overfull \hbox (43.5pt too wide) in paragraph at lines 2558--2558
[]\TU/lmtt/m/n/10 ## 1     2          2     1 Mono   2016-03-21 00:00:00 1982-0
3-30 00:00:00[] 
 []


Overfull \hbox (43.5pt too wide) in paragraph at lines 2558--2558
[]\TU/lmtt/m/n/10 ## 2     2          2     1 Mono   2016-03-21 00:00:00 1982-0
3-30 00:00:00[] 
 []


Overfull \hbox (43.5pt too wide) in paragraph at lines 2558--2558
[]\TU/lmtt/m/n/10 ## 3    11          2     2 Di     2016-02-17 00:00:00 1981-0
2-25 00:00:00[] 
 []


Overfull \hbox (43.5pt too wide) in paragraph at lines 2558--2558
[]\TU/lmtt/m/n/10 ## 4    11          2     2 Di     2016-02-17 00:00:00 1981-0
2-25 00:00:00[] 
 []


Overfull \hbox (43.5pt too wide) in paragraph at lines 2558--2558
[]\TU/lmtt/m/n/10 ## 5    17          2     1 Di     2017-04-23 00:00:00 1993-0
4-29 00:00:00[] 
 []


Overfull \hbox (43.5pt too wide) in paragraph at lines 2558--2558
[]\TU/lmtt/m/n/10 ## 6    17          2     1 Di     2017-04-23 00:00:00 1993-0
4-29 00:00:00[] 
 []


Overfull \hbox (43.5pt too wide) in paragraph at lines 2558--2558
[]\TU/lmtt/m/n/10 ## 7    23          2     2 Di     2016-02-17 00:00:00 1997-0
2-21 00:00:00[] 
 []


Overfull \hbox (43.5pt too wide) in paragraph at lines 2558--2558
[]\TU/lmtt/m/n/10 ## 8    23          2     2 Di     2016-02-17 00:00:00 1997-0
2-21 00:00:00[] 
 []


Overfull \hbox (59.25pt too wide) in paragraph at lines 2558--2558
[]\TU/lmtt/m/n/10 ## # ... with 15 more variables: cor_branco <dbl>, peso_pre <
dbl>, alt <dbl>,[] 
 []


Overfull \hbox (54.0pt too wide) in paragraph at lines 2558--2558
[]\TU/lmtt/m/n/10 ## #   gesta <dbl>, para <dbl>, aborto <dbl>, ind_ap <dbl>, t
abagismo <dbl>,[] 
 []


Overfull \hbox (12.0pt too wide) in paragraph at lines 2558--2558
[]\TU/lmtt/m/n/10 ## #   alcool <dbl>, drogas <dbl>, ig_aval <dbl>, medida_colo
 <dbl>,[] 
 []

[63]
Overfull \hbox (48.75pt too wide) in paragraph at lines 2594--2594
[]\TU/lmtt/m/n/10 ##       id grupo corion data_aval           data_nascimento 
    cor_branco[] 
 []


Overfull \hbox (48.75pt too wide) in paragraph at lines 2594--2594
[]\TU/lmtt/m/n/10 ##    <dbl> <dbl> <chr>  <dttm>              <dttm>          
         <dbl>[] 
 []


Overfull \hbox (48.75pt too wide) in paragraph at lines 2594--2594
[]\TU/lmtt/m/n/10 ##  1     1     2 Di     2017-04-23 00:00:00 1988-04-30 00:00
:00          1[] 
 []


Overfull \hbox (48.75pt too wide) in paragraph at lines 2594--2594
[]\TU/lmtt/m/n/10 ##  2     2     1 Mono   2016-03-21 00:00:00 1982-03-30 00:00
:00          1[] 
 []


Overfull \hbox (48.75pt too wide) in paragraph at lines 2594--2594
[]\TU/lmtt/m/n/10 ##  3     3     1 Di     2016-02-17 00:00:00 1991-02-23 00:00
:00          2[] 
 []


Overfull \hbox (48.75pt too wide) in paragraph at lines 2594--2594
[]\TU/lmtt/m/n/10 ##  4     5     2 Di     2017-04-23 00:00:00 1988-04-30 00:00
:00          2[] 
 []


Overfull \hbox (48.75pt too wide) in paragraph at lines 2594--2594
[]\TU/lmtt/m/n/10 ##  5     6     1 Di     2016-03-21 00:00:00 1989-03-28 00:00
:00          2[] 
 []


Overfull \hbox (48.75pt too wide) in paragraph at lines 2594--2594
[]\TU/lmtt/m/n/10 ##  6     7     2 Di     2016-02-17 00:00:00 1985-02-24 00:00
:00          2[] 
 []


Overfull \hbox (48.75pt too wide) in paragraph at lines 2594--2594
[]\TU/lmtt/m/n/10 ##  7     8     1 Di     2017-12-14 00:00:00 1988-12-21 00:00
:00          1[] 
 []


Overfull \hbox (48.75pt too wide) in paragraph at lines 2594--2594
[]\TU/lmtt/m/n/10 ##  8     9     1 Di     2017-04-23 00:00:00 1980-05-02 00:00
:00          3[] 
 []


Overfull \hbox (48.75pt too wide) in paragraph at lines 2594--2594
[]\TU/lmtt/m/n/10 ##  9    10     2 Di     2016-03-21 00:00:00 1984-03-29 00:00
:00          1[] 
 []


Overfull \hbox (48.75pt too wide) in paragraph at lines 2594--2594
[]\TU/lmtt/m/n/10 ## 10    11     2 Di     2016-02-17 00:00:00 1981-02-25 00:00
:00          1[] 
 []


Overfull \hbox (59.25pt too wide) in paragraph at lines 2594--2594
[]\TU/lmtt/m/n/10 ## # ... with 94 more rows, and 14 more variables: peso_pre <
dbl>, alt <dbl>,[] 
 []


Overfull \hbox (54.0pt too wide) in paragraph at lines 2594--2594
[]\TU/lmtt/m/n/10 ## #   gesta <dbl>, para <dbl>, aborto <dbl>, ind_ap <dbl>, t
abagismo <dbl>,[] 
 []


Overfull \hbox (12.0pt too wide) in paragraph at lines 2594--2594
[]\TU/lmtt/m/n/10 ## #   alcool <dbl>, drogas <dbl>, ig_aval <dbl>, medida_colo
 <dbl>,[] 
 []

[64]
Overfull \hbox (605.25pt too wide) in paragraph at lines 2615--2615
[]\TU/lmtt/m/n/10 ## Error in kable_latex(x = structure(c("Name", "Number of ro
ws", "Number of columns", : unused argument (table.attr = "style=[]width: auto;
[]\n        class=[]table table-condensed[]")[] 
 []


Overfull \hbox (605.25pt too wide) in paragraph at lines 2638--2638
[]\TU/lmtt/m/n/10 ## Error in kable_latex(x = structure(c("Name", "Number of ro
ws", "Number of columns", : unused argument (table.attr = "style=[]width: auto;
[]\n        class=[]table table-condensed[]")[] 
 []


Overfull \hbox (605.25pt too wide) in paragraph at lines 2664--2664
[]\TU/lmtt/m/n/10 ## Error in kable_latex(x = structure(c("Name", "Number of ro
ws", "Number of columns", : unused argument (table.attr = "style=[]width: auto;
[]\n        class=[]table table-condensed[]")[] 
 []

[65]
Overfull \hbox (85.5pt too wide) in paragraph at lines 2684--2684
[]\TU/lmtt/m/n/10 ##      id grupo corion data_aval  data_nascimento cor_branco
 peso_pre   alt gesta[] 
 []


Overfull \hbox (85.5pt too wide) in paragraph at lines 2684--2684
[]\TU/lmtt/m/n/10 ##   <dbl> <fct> <fct>  <date>     <date>          <fct>     
    <dbl> <dbl> <dbl>[] 
 []


Overfull \hbox (85.5pt too wide) in paragraph at lines 2684--2684
[]\TU/lmtt/m/n/10 ## 1     9 1     Di     2017-04-23 1980-05-02      3         
       72  1.65     8[] 
 []


Overfull \hbox (33.0pt too wide) in paragraph at lines 2684--2684
[]\TU/lmtt/m/n/10 ## # ... with 11 more variables: para <dbl>, aborto <dbl>, in
d_ap <fct>,[] 
 []


Overfull \hbox (1.5pt too wide) in paragraph at lines 2684--2684
[]\TU/lmtt/m/n/10 ## #   tabagismo <fct>, alcool <fct>, drogas <fct>, ig_aval <
dbl>,[] 
 []


Overfull \hbox (69.75pt too wide) in paragraph at lines 2684--2684
[]\TU/lmtt/m/n/10 ## #   medida_colo <dbl>, num_contra_ctg <dbl>, igp_semana <d
bl>, igp_dia <dbl>[] 
 []

[66]
File: figures/print-tela.png Graphic file (type bmp)
<figures/print-tela.png>

Overfull \hbox (85.5pt too wide) in paragraph at lines 2780--2780
[]\TU/lmtt/m/n/10 ##      id grupo corion data_aval  data_nascimento cor_branco
 peso_pre   alt gesta[] 
 []


Overfull \hbox (85.5pt too wide) in paragraph at lines 2780--2780
[]\TU/lmtt/m/n/10 ##   <dbl> <fct> <fct>  <date>     <date>          <fct>     
    <dbl> <dbl> <dbl>[] 
 []

[67]
Overfull \hbox (85.5pt too wide) in paragraph at lines 2780--2780
[]\TU/lmtt/m/n/10 ## 1    NA <NA>  <NA>   NA         NA              <NA>      
       NA    NA    NA[] 
 []


Overfull \hbox (85.5pt too wide) in paragraph at lines 2780--2780
[]\TU/lmtt/m/n/10 ## 2    27 prog~ di     2016-02-17 1997-02-21      nbranca   
       58   163     1[] 
 []


Overfull \hbox (85.5pt too wide) in paragraph at lines 2780--2780
[]\TU/lmtt/m/n/10 ## 3    NA <NA>  <NA>   NA         NA              <NA>      
       NA    NA    NA[] 
 []


Overfull \hbox (33.0pt too wide) in paragraph at lines 2780--2780
[]\TU/lmtt/m/n/10 ## # ... with 11 more variables: para <dbl>, aborto <dbl>, in
d_ap <fct>,[] 
 []


Overfull \hbox (1.5pt too wide) in paragraph at lines 2780--2780
[]\TU/lmtt/m/n/10 ## #   tabagismo <fct>, alcool <fct>, drogas <fct>, ig_aval <
dbl>,[] 
 []


Overfull \hbox (69.75pt too wide) in paragraph at lines 2780--2780
[]\TU/lmtt/m/n/10 ## #   medida_colo <dbl>, num_contra_ctg <dbl>, igp_semana <d
bl>, igp_dia <dbl>[] 
 []


Overfull \hbox (85.5pt too wide) in paragraph at lines 2806--2806
[]\TU/lmtt/m/n/10 ##      id grupo corion data_aval  data_nascimento cor_branco
 peso_pre   alt gesta[] 
 []


Overfull \hbox (85.5pt too wide) in paragraph at lines 2806--2806
[]\TU/lmtt/m/n/10 ##   <dbl> <fct> <fct>  <date>     <date>          <fct>     
    <dbl> <dbl> <dbl>[] 
 []


Overfull \hbox (85.5pt too wide) in paragraph at lines 2806--2806
[]\TU/lmtt/m/n/10 ## 1    21 plac~ mono   2017-04-23 1988-04-30      branca    
       44  1.64     1[] 
 []


Overfull \hbox (33.0pt too wide) in paragraph at lines 2806--2806
[]\TU/lmtt/m/n/10 ## # ... with 11 more variables: para <dbl>, aborto <dbl>, in
d_ap <fct>,[] 
 []


Overfull \hbox (1.5pt too wide) in paragraph at lines 2806--2806
[]\TU/lmtt/m/n/10 ## #   tabagismo <fct>, alcool <fct>, drogas <fct>, ig_aval <
dbl>,[] 
 []


Overfull \hbox (69.75pt too wide) in paragraph at lines 2806--2806
[]\TU/lmtt/m/n/10 ## #   medida_colo <dbl>, num_contra_ctg <dbl>, igp_semana <d
bl>, igp_dia <dbl>[] 
 []

[68]
Overfull \hbox (605.25pt too wide) in paragraph at lines 2826--2826
[]\TU/lmtt/m/n/10 ## Error in kable_latex(x = structure(c("Name", "Number of ro
ws", "Number of columns", : unused argument (table.attr = "style=[]width: auto;
[]\n        class=[]table table-condensed[]")[] 
 []


Overfull \hbox (605.25pt too wide) in paragraph at lines 2854--2854
[]\TU/lmtt/m/n/10 ## Error in kable_latex(x = structure(c("Name", "Number of ro
ws", "Number of columns", : unused argument (table.attr = "style=[]width: auto;
[]\n        class=[]table table-condensed[]")[] 
 []


Overfull \hbox (605.25pt too wide) in paragraph at lines 2876--2876
[]\TU/lmtt/m/n/10 ## Error in kable_latex(x = structure(c("Name", "Number of ro
ws", "Number of columns", : unused argument (table.attr = "style=[]width: auto;
[]\n        class=[]table table-condensed[]")[] 
 []

[69]
Overfull \hbox (605.25pt too wide) in paragraph at lines 2929--2929
[]\TU/lmtt/m/n/10 ## Error in kable_latex(x = structure(c("Name", "Number of ro
ws", "Number of columns", : unused argument (table.attr = "style=[]width: auto;
[]\n        class=[]table table-condensed[]")[] 
 []

[70] [71] [72]
Underfull \hbox (badness 1383) in paragraph at lines 3095--3098
[]\TU/lmr/m/n/10 Crie a variável igp (idade gestacional do parto) obtida ao som
ar
 []

[73] [74

]
Chapter 4.
[75]
Overfull \hbox (36.092pt too wide) in paragraph at lines 3204--3205
\TU/lmr/m/n/10 que, ao utilizar \TU/lmtt/m/n/10 view(freq(dados$prematuridade,c
umul=FALSE,report.nas=FALSE))
 []

[76] [77] [78] [79]
Overfull \hbox (69.75pt too wide) in paragraph at lines 3397--3397
[]\TU/lmtt/m/n/10 ## ------------- --------------------- ------------ ---------
--- --------------[] 
 []


Overfull \hbox (69.75pt too wide) in paragraph at lines 3397--3397
[]\TU/lmtt/m/n/10 ##                 dados$prematuridade          nao          
sim          Total[] 
 []

[80]
Overfull \hbox (69.75pt too wide) in paragraph at lines 3397--3397
[]\TU/lmtt/m/n/10 ##       placebo                         19 (18.3%)   33 (31.
7%)    52 ( 50.0%)[] 
 []


Overfull \hbox (69.75pt too wide) in paragraph at lines 3397--3397
[]\TU/lmtt/m/n/10 ##       progest                         25 (24.0%)   27 (26.
0%)    52 ( 50.0%)[] 
 []


Overfull \hbox (69.75pt too wide) in paragraph at lines 3397--3397
[]\TU/lmtt/m/n/10 ##         Total                         44 (42.3%)   60 (57.
7%)   104 (100.0%)[] 
 []


Overfull \hbox (69.75pt too wide) in paragraph at lines 3397--3397
[]\TU/lmtt/m/n/10 ## ------------- --------------------- ------------ ---------
--- --------------[] 
 []


Overfull \hbox (69.75pt too wide) in paragraph at lines 3418--3418
[]\TU/lmtt/m/n/10 ## ------------- --------------------- ------------ ---------
--- --------------[] 
 []


Overfull \hbox (69.75pt too wide) in paragraph at lines 3418--3418
[]\TU/lmtt/m/n/10 ##                 dados$prematuridade          nao          
sim          Total[] 
 []


Overfull \hbox (69.75pt too wide) in paragraph at lines 3418--3418
[]\TU/lmtt/m/n/10 ##       placebo                         19 (36.5%)   33 (63.
5%)    52 (100.0%)[] 
 []


Overfull \hbox (69.75pt too wide) in paragraph at lines 3418--3418
[]\TU/lmtt/m/n/10 ##       progest                         25 (48.1%)   27 (51.
9%)    52 (100.0%)[] 
 []


Overfull \hbox (69.75pt too wide) in paragraph at lines 3418--3418
[]\TU/lmtt/m/n/10 ##         Total                         44 (42.3%)   60 (57.
7%)   104 (100.0%)[] 
 []


Overfull \hbox (69.75pt too wide) in paragraph at lines 3418--3418
[]\TU/lmtt/m/n/10 ## ------------- --------------------- ------------ ---------
--- --------------[] 
 []


Overfull \hbox (80.25pt too wide) in paragraph at lines 3439--3439
[]\TU/lmtt/m/n/10 ## ------------- --------------------- ------------- --------
----- --------------[] 
 []


Overfull \hbox (80.25pt too wide) in paragraph at lines 3439--3439
[]\TU/lmtt/m/n/10 ##                 dados$prematuridade           nao         
  sim          Total[] 
 []


Overfull \hbox (80.25pt too wide) in paragraph at lines 3439--3439
[]\TU/lmtt/m/n/10 ##       placebo                         19 ( 43.2%)   33 ( 5
5.0%)    52 ( 50.0%)[] 
 []


Overfull \hbox (80.25pt too wide) in paragraph at lines 3439--3439
[]\TU/lmtt/m/n/10 ##       progest                         25 ( 56.8%)   27 ( 4
5.0%)    52 ( 50.0%)[] 
 []


Overfull \hbox (80.25pt too wide) in paragraph at lines 3439--3439
[]\TU/lmtt/m/n/10 ##         Total                         44 (100.0%)   60 (10
0.0%)   104 (100.0%)[] 
 []


Overfull \hbox (80.25pt too wide) in paragraph at lines 3439--3439
[]\TU/lmtt/m/n/10 ## ------------- --------------------- ------------- --------
----- --------------[] 
 []

[81] [82]
File: livro_Obstetricia_R_files/figure-latex/unnamed-chunk-139-1.pdf Graphic fi
le (type pdf)
<use livro_Obstetricia_R_files/figure-latex/unnamed-chunk-139-1.pdf>
File: livro_Obstetricia_R_files/figure-latex/unnamed-chunk-140-1.pdf Graphic fi
le (type pdf)
<use livro_Obstetricia_R_files/figure-latex/unnamed-chunk-140-1.pdf>

Underfull \vbox (badness 10000) has occurred while \output is active []

[83]
File: livro_Obstetricia_R_files/figure-latex/unnamed-chunk-141-1.pdf Graphic fi
le (type pdf)
<use livro_Obstetricia_R_files/figure-latex/unnamed-chunk-141-1.pdf>

Underfull \vbox (badness 10000) has occurred while \output is active []

[84]
File: livro_Obstetricia_R_files/figure-latex/unnamed-chunk-142-1.pdf Graphic fi
le (type pdf)
<use livro_Obstetricia_R_files/figure-latex/unnamed-chunk-142-1.pdf>

Underfull \vbox (badness 10000) has occurred while \output is active []

[85]
File: livro_Obstetricia_R_files/figure-latex/unnamed-chunk-143-1.pdf Graphic fi
le (type pdf)
<use livro_Obstetricia_R_files/figure-latex/unnamed-chunk-143-1.pdf>

Underfull \vbox (badness 10000) has occurred while \output is active []

[86]
File: livro_Obstetricia_R_files/figure-latex/unnamed-chunk-144-1.pdf Graphic fi
le (type pdf)
<use livro_Obstetricia_R_files/figure-latex/unnamed-chunk-144-1.pdf>

Underfull \vbox (badness 10000) has occurred while \output is active []

[87]
File: livro_Obstetricia_R_files/figure-latex/unnamed-chunk-145-1.pdf Graphic fi
le (type pdf)
<use livro_Obstetricia_R_files/figure-latex/unnamed-chunk-145-1.pdf>

Underfull \vbox (badness 10000) has occurred while \output is active []

[88]
File: livro_Obstetricia_R_files/figure-latex/unnamed-chunk-146-1.pdf Graphic fi
le (type pdf)
<use livro_Obstetricia_R_files/figure-latex/unnamed-chunk-146-1.pdf>

Underfull \vbox (badness 10000) has occurred while \output is active []

[89]
File: livro_Obstetricia_R_files/figure-latex/unnamed-chunk-147-1.pdf Graphic fi
le (type pdf)
<use livro_Obstetricia_R_files/figure-latex/unnamed-chunk-147-1.pdf>

Underfull \vbox (badness 10000) has occurred while \output is active []

[90]
File: livro_Obstetricia_R_files/figure-latex/unnamed-chunk-148-1.pdf Graphic fi
le (type pdf)
<use livro_Obstetricia_R_files/figure-latex/unnamed-chunk-148-1.pdf>

Underfull \vbox (badness 10000) has occurred while \output is active []

[91]
File: figures/esquise1.png Graphic file (type bmp)
<figures/esquise1.png>
File: figures/esquise2.png Graphic file (type bmp)
<figures/esquise2.png>
[92]
Overfull \hbox (71.35341pt too wide) has occurred while \output is active
\TU/lmr/m/sl/10 4.5.  MATERIAIS COMPLEMENTARES PARA ANÁLISE EXPLORATÓRIA DOS DA
DOS \TU/lmr/m/n/10 93
 []

[93]
Overfull \hbox (3.05891pt too wide) in paragraph at lines 3732--3734
[]\TU/lmr/m/n/10 Construa uma tabela cruzada entre EDPS_antes_SN e EDPS_depois_
SN; 
 []


Underfull \hbox (badness 6094) in paragraph at lines 3734--3736
[]\TU/lmr/m/n/10 Apresente uma tabela com as medidas descritivas da variável
 []


Underfull \hbox (badness 2277) in paragraph at lines 3734--3736
\TU/lmr/m/n/10 tempo_amamentacao_meses por grupo de amamentação. Refaça
 []

[94] [95] [96

]
Chapter 5.
(livro_Obstetricia_R.bbl [97] [98

]) [99] (livro_Obstetricia_R.aux)

LaTeX Warning: There were multiply-defined labels.

 ) 
Here is how much of TeX's memory you used:
 19341 strings out of 412249
 338677 string characters out of 2855678
 826032 words of memory out of 3000000
 38485 multiletter control sequences out of 15000+200000
 541579 words of font info for 87 fonts, out of 3000000 for 9000
 1348 hyphenation exceptions out of 8191
 84i,6n,118p,885b,474s stack positions out of 5000i,500n,10000p,200000b,50000s

Output written on livro_Obstetricia_R.pdf (99 pages).
